\BOOKMARK [1][-]{figure.caption.1}{\376\377\0001\000.\000\040\000\040\000\040\000R\000e\000s\000u\000m\000e\000n}{}% 1
\BOOKMARK [1][-]{figure.caption.1}{\376\377\0002\000.\000\040\000\040\000\040\000I\000n\000t\000r\000o\000d\000u\000c\000c\000i\000\363\000n}{}% 2
\BOOKMARK [1][-]{figure.caption.1}{\376\377\0003\000.\000\040\000\040\000\040\000O\000b\000j\000e\000t\000i\000v\000o\000\040\000G\000e\000n\000e\000r\000a\000l}{}% 3
\BOOKMARK [1][-]{figure.caption.1}{\376\377\0004\000.\000\040\000\040\000\040\000W\000a\000r\000s\000h\000a\000l\000l\000\040\000L\000\363\000g\000i\000c\000o\000:\000\040\000V\000e\000r\000s\000i\000\363\000n\000\040\000S\000e\000c\000u\000e\000n\000c\000i\000a\000l}{}% 4
\BOOKMARK [2][-]{section*.2}{\376\377\0004\000.\0001\000.\000\040\000\040\000R\000e\000q\000u\000i\000s\000i\000t\000o\000s\000\040\000d\000e\000l\000\040\000A\000l\000g\000o\000r\000i\000t\000m\000o}{figure.caption.1}% 5
\BOOKMARK [1][-]{section*.2}{\376\377\0005\000.\000\040\000\040\000\040\000D\000e\000s\000c\000r\000i\000p\000c\000i\000\363\000n\000\040\000d\000e\000l\000\040\000A\000l\000g\000o\000r\000i\000t\000m\000o}{}% 6
\BOOKMARK [2][-]{section*.3}{\376\377\0005\000.\0001\000.\000\040\000\040\000C\000a\000m\000p\000o\000\040\000d\000e\000\040\000a\000p\000l\000i\000c\000a\000c\000i\000\363\000n}{section*.2}% 7
\BOOKMARK [2][-]{section*.3}{\376\377\0005\000.\0002\000.\000\040\000\040\000D\000e\000s\000c\000r\000i\000p\000c\000i\000\363\000n\000\040\000d\000e\000t\000a\000l\000l\000a\000d\000a\000\040\000d\000e\000l\000\040\000f\000u\000n\000c\000i\000o\000n\000a\000m\000i\000e\000n\000t\000o}{section*.2}% 8
\BOOKMARK [3][-]{section*.4}{\376\377\000P\000s\000e\000u\000d\000o\000c\000\363\000d\000i\000g\000o\000\040\000\050\000W\000a\000r\000s\000h\000a\000l\000l\000\040\000l\000\363\000g\000i\000c\000o\000\051}{section*.3}% 9
\BOOKMARK [1][-]{algorithm.1}{\376\377\0006\000.\000\040\000\040\000\040\000R\000e\000p\000r\000e\000s\000e\000n\000t\000a\000c\000i\000\363\000n\000\040\000M\000a\000t\000r\000i\000c\000i\000a\000l}{}% 10
\BOOKMARK [2][-]{section*.5}{\376\377\0006\000.\0001\000.\000\040\000\040\000R\000e\000p\000r\000e\000s\000e\000n\000t\000a\000c\000i\000\363\000n\000\040\000d\000e\000\040\000l\000o\000s\000\040\000d\000a\000t\000o\000s\000\040\000d\000e\000\040\000e\000n\000t\000r\000a\000d\000a}{algorithm.1}% 11
\BOOKMARK [2][-]{section*.5}{\376\377\0006\000.\0002\000.\000\040\000\040\000R\000e\000p\000r\000e\000s\000e\000n\000t\000a\000c\000i\000\363\000n\000\040\000d\000e\000\040\000l\000a\000\040\000o\000p\000e\000r\000a\000c\000i\000\363\000n\000\040\000n\000\372\000c\000l\000e\000o}{algorithm.1}% 12
\BOOKMARK [2][-]{section*.5}{\376\377\0006\000.\0003\000.\000\040\000\040\000R\000e\000p\000r\000e\000s\000e\000n\000t\000a\000c\000i\000\363\000n\000\040\000d\000e\000\040\000l\000o\000s\000\040\000d\000a\000t\000o\000s\000\040\000d\000e\000\040\000s\000a\000l\000i\000d\000a}{algorithm.1}% 13
\BOOKMARK [1][-]{section*.5}{\376\377\0007\000.\000\040\000\040\000\040\000C\000o\000m\000p\000l\000e\000j\000i\000d\000a\000d\000\040\000C\000o\000m\000p\000u\000t\000a\000c\000i\000o\000n\000a\000l}{}% 14
\BOOKMARK [2][-]{section*.6}{\376\377\0007\000.\0001\000.\000\040\000\040\000P\000a\000r\000\341\000m\000e\000t\000r\000o\000s\000\040\000r\000e\000l\000e\000v\000a\000n\000t\000e\000s}{section*.5}% 15
\BOOKMARK [3][-]{section*.6}{\376\377\0007\000.\0001\000.\0001\000.\000\040\000\040\000C\000o\000m\000p\000l\000e\000j\000i\000d\000a\000d\000\040\000t\000e\000m\000p\000o\000r\000a\000l}{section*.5}% 16
\BOOKMARK [3][-]{section*.6}{\376\377\0007\000.\0001\000.\0002\000.\000\040\000\040\000C\000o\000m\000p\000l\000e\000j\000i\000d\000a\000d\000\040\000e\000s\000p\000a\000c\000i\000a\000l}{section*.5}% 17
\BOOKMARK [3][-]{section*.6}{\376\377\0007\000.\0001\000.\0003\000.\000\040\000\040\000I\000m\000p\000l\000i\000c\000a\000n\000c\000i\000a\000s\000\040\000p\000a\000r\000a\000\040\000e\000l\000\040\000r\000e\000n\000d\000i\000m\000i\000e\000n\000t\000o}{section*.5}% 18
\BOOKMARK [1][-]{section*.6}{\376\377\0008\000.\000\040\000\040\000\040\000A\000n\000\341\000l\000i\000s\000i\000s\000\040\000d\000e\000l\000\040\000A\000l\000g\000o\000r\000i\000t\000m\000o}{}% 19
\BOOKMARK [2][-]{section*.7}{\376\377\0008\000.\0001\000.\000\040\000\040\000F\000u\000n\000c\000i\000o\000n\000a\000m\000i\000e\000n\000t\000o\000\040\000d\000e\000l\000\040\000A\000l\000g\000o\000r\000i\000t\000m\000o}{section*.6}% 20
\BOOKMARK [2][-]{section*.7}{\376\377\0008\000.\0002\000.\000\040\000\040\000J\000u\000s\000t\000i\000f\000i\000c\000a\000c\000i\000\363\000n\000\040\000d\000e\000l\000\040\000A\000l\000g\000o\000r\000i\000t\000m\000o}{section*.6}% 21
\BOOKMARK [2][-]{section*.7}{\376\377\0008\000.\0003\000.\000\040\000\040\000E\000j\000e\000c\000u\000c\000i\000\363\000n\000\040\000y\000\040\000M\000e\000d\000i\000c\000i\000\363\000n\000\040\000d\000e\000l\000\040\000T\000i\000e\000m\000p\000o\000\040\000\050\000C\000P\000U\000\051}{section*.6}% 22
\BOOKMARK [2][-]{section*.7}{\376\377\0008\000.\0004\000.\000\040\000\040\000M\000e\000d\000i\000c\000i\000\363\000n\000\040\000d\000e\000l\000\040\000r\000e\000n\000d\000i\000m\000i\000e\000n\000t\000o\000\040\000\050\000d\000i\000f\000e\000r\000e\000n\000t\000e\000s\000\040\000t\000a\000m\000a\000\361\000o\000s\000\051}{section*.6}% 23
\BOOKMARK [1][-]{table.caption.8}{\376\377\0009\000.\000\040\000\040\000\040\000C\000o\000n\000c\000l\000u\000s\000i\000o\000n\000e\000s}{}% 24
\BOOKMARK [1][-]{table.caption.8}{\376\377\0001\0000\000.\000\040\000\040\000\040\000A\000N\000E\000X\000O\000S}{}% 25
\BOOKMARK [2][-]{section*.9}{\376\377\000A\000.\000\040\000I\000m\000p\000l\000e\000m\000e\000n\000t\000a\000c\000i\000\363\000n\000\040\000s\000e\000c\000u\000e\000n\000c\000i\000a\000l\000\040\000e\000n\000\040\000C\000\040\000\050\000c\000o\000n\000\040\000m\000e\000d\000i\000c\000i\000\363\000n\000\040\000d\000e\000\040\000t\000i\000e\000m\000p\000o\000\040\000y\000\040\000v\000e\000r\000i\000f\000i\000c\000a\000c\000i\000\363\000n\000\051}{table.caption.8}% 26
\BOOKMARK [2][-]{lstnumber.1.116}{\376\377\000B\000.\000\040\000C\000o\000m\000a\000n\000d\000o\000s\000\040\000d\000e\000\040\000c\000o\000m\000p\000i\000l\000a\000c\000i\000\363\000n\000\040\000y\000\040\000e\000j\000e\000c\000u\000c\000i\000\363\000n\000\040\000\050\000L\000i\000n\000u\000x\000/\000C\000o\000l\000a\000b\000\051}{table.caption.8}% 27
\BOOKMARK [2][-]{lstnumber.1.116}{\376\377\000C\000.\000\040\000C\000\363\000m\000o\000\040\000s\000e\000\040\000e\000v\000a\000l\000u\000a\000r\000\341\000\040\000e\000n\000\040\000F\000a\000s\000e\000\040\0002\000\040\000\050\000r\000e\000f\000e\000r\000e\000n\000c\000i\000a\000\040\000d\000e\000l\000\040\000p\000r\000o\000y\000e\000c\000t\000o\000\051}{table.caption.8}% 28
